2020-05-31 00:54:06 INFO  main [mainwindow.cpp:79] Mitsuba version 0.6.0 (Windows, 64 bit), Copyright (c) 2017 Wenzel Jakob
2020-05-31 00:54:06 INFO  main [mainwindow.cpp:82] Configured for RGB-based rendering
2020-05-31 00:54:06 DEBUG main [WGLSession] Initializing WGL session
2020-05-31 00:54:07 DEBUG main [WGLRenderer] Using an existing WGL context
2020-05-31 00:54:07 DEBUG main [GLRenderer] OpenGL renderer : GeForce RTX 2060/PCIe/SSE2
2020-05-31 00:54:07 DEBUG main [GLRenderer] OpenGL vendor   : NVIDIA Corporation
2020-05-31 00:54:07 DEBUG main [GLRenderer] OpenGL version  : 4.6.0 NVIDIA 441.20
2020-05-31 00:54:07 DEBUG main [GLRenderer] Capabilities: Framebuffers objects are supported.
2020-05-31 00:54:07 DEBUG main [GLRenderer] Capabilities: GLSL is supported.
2020-05-31 00:54:07 DEBUG main [GLRenderer] Capabilities: Floating point textures are supported.
2020-05-31 00:54:07 DEBUG main [GLRenderer] Capabilities: Floating point color buffers are supported.
2020-05-31 00:54:07 DEBUG main [GLRenderer] Capabilities: Fast buffer blitting is supported.
2020-05-31 00:54:07 DEBUG main [GLRenderer] Capabilities: Multisample framebuffer objects are supported.
2020-05-31 00:54:07 DEBUG main [GLRenderer] Capabilities: Vertex buffer objects are supported.
2020-05-31 00:54:07 DEBUG main [GLRenderer] Capabilities: Geometry shaders are supported.
2020-05-31 00:54:07 DEBUG main [GLRenderer] Capabilities: Custom texture filtering is supported.
2020-05-31 00:54:07 DEBUG main [GLRenderer] Capabilities: Synchronization objects are supported.
2020-05-31 00:54:07 DEBUG main [GLRenderer] Capabilities: Bindless rendering is supported.
2020-05-31 00:54:07 DEBUG main [Thread] Spawning thread "prvw"
2020-05-31 00:54:07 DEBUG prvw [WGLDevice] Initializing WGL device
2020-05-31 00:54:07 DEBUG prvw [WGLRenderer] Initializing WGL renderer
2020-05-31 00:54:07 DEBUG prvw [GLProgram] Uploading a GPU program : GPUProgram[name = 'Accumulation program']
2020-05-31 00:54:07 DEBUG prvw [GLProgram] Uploading a GPU program : GPUProgram[name = 'Directional shadow map generator']
2020-05-31 00:54:07 DEBUG prvw [GLProgram] Uploading a GPU program : GPUProgram[name = 'Paraboloid shadow map generator', maxVertices=4]
2020-05-31 00:54:07 DEBUG prvw [GLProgram] Uploading a GPU program : GPUProgram[name = 'Cube/Hemicube shadow map generator (5/6 pass version)']
2020-05-31 00:54:07 DEBUG prvw [GLProgram] Uploading a GPU program : GPUProgram[name = 'Cube shadow map generator (1 pass version)', maxVertices=18]
2020-05-31 00:54:07 DEBUG prvw [GLProgram] Uploading a GPU program : GPUProgram[name = 'Hemicube shadow map generator (1 pass version)', maxVertices=15]
2020-05-31 00:54:07 DEBUG main [GLProgram] Uploading a GPU program : GPUProgram[name = 'Tonemapper [Gamma]']
2020-05-31 00:54:07 DEBUG main [GLProgram] Uploading a GPU program : GPUProgram[name = 'Tonemapper [Reinhard et al. 2002]']
2020-05-31 00:54:07 DEBUG main [GLProgram] Uploading a GPU program : GPUProgram[name = 'Downsampling program']
2020-05-31 00:54:07 DEBUG main [GLProgram] Uploading a GPU program : GPUProgram[name = 'Log-luminance program']
2020-05-31 00:54:07 DEBUG main [Thread] Spawning thread "wrk0"
2020-05-31 00:54:07 DEBUG main [Thread] Spawning thread "wrk1"
2020-05-31 00:54:07 DEBUG main [Thread] Spawning thread "wrk2"
2020-05-31 00:54:07 DEBUG main [Thread] Spawning thread "wrk3"
2020-05-31 00:54:07 DEBUG main [Thread] Spawning thread "wrk4"
2020-05-31 00:54:07 DEBUG main [Thread] Spawning thread "wrk5"
2020-05-31 00:54:07 DEBUG main [Thread] Spawning thread "wrk6"
2020-05-31 00:54:07 DEBUG main [Thread] Spawning thread "wrk7"
2020-05-31 00:54:07 DEBUG main [Thread] Spawning thread "wrk8"
2020-05-31 00:54:07 DEBUG main [Thread] Spawning thread "wrk9"
2020-05-31 00:54:07 DEBUG main [Thread] Spawning thread "wrk10"
2020-05-31 00:54:07 DEBUG main [Thread] Spawning thread "wrk11"
2020-05-31 00:54:59 DEBUG main [Thread] Spawning thread "load"
2020-05-31 00:54:59 INFO  load [sceneloader.cpp:114] Parsing scene description from "E:/_MyWorkSpace/mitsuba_git/data/tests/test_bidir_2.xml" ..
2020-05-31 00:54:59 DEBUG load [Thread] Thread "load" has finished
2020-05-31 00:55:01 INFO  main [upgrade.cpp:63] Searching for transformations..
2020-05-31 00:55:01 INFO  main [upgrade.cpp:81]   - registered transformation "upgrade_0.3.0.xsl", which updates to version 0.3.0
2020-05-31 00:55:01 INFO  main [upgrade.cpp:81]   - registered transformation "upgrade_0.4.0.xsl", which updates to version 0.4.0
2020-05-31 00:55:01 INFO  main [upgrade.cpp:81]   - registered transformation "upgrade_0.5.0.xsl", which updates to version 0.5.0
2020-05-31 00:55:01 INFO  main [upgrade.cpp:81]   - registered transformation "upgrade_0.6.0.xsl", which updates to version 0.6.0
2020-05-31 00:55:01 INFO  main [upgrade.cpp:89] Saving a backup copy of "E:/_MyWorkSpace/mitsuba_git/data/tests/test_bidir_2.xml" as "E:/_MyWorkSpace/mitsuba_git/data/tests/test_bidir_2.bak"
2020-05-31 00:55:01 INFO  main [upgrade.cpp:117] Applying transformation "upgrade_0.6.0.xsl" ..
2020-05-31 00:55:01 INFO  main [upgrade.cpp:132] Transformation is ready, running it now..
2020-05-31 00:55:01 INFO  main [upgrade.cpp:155] Successfully applied 1 transformations, writing the result to "E:/_MyWorkSpace/mitsuba_git/data/tests/test_bidir_2.xml" ..
2020-05-31 00:55:01 DEBUG main [Thread] Spawning thread "load"
2020-05-31 00:55:01 INFO  load [sceneloader.cpp:114] Parsing scene description from "E:/_MyWorkSpace/mitsuba_git/data/tests/test_bidir_2.xml" ..
2020-05-31 00:55:01 INFO  load [PluginManager] Loading plugin "plugins\homogeneous.dll" ..
2020-05-31 00:55:01 DEBUG load [materials.h:195] Medium parameters: sigmaS=[0, 0, 0], sigmaA=[1, 1, 1], g=0
2020-05-31 00:55:01 INFO  load [PluginManager] Loading plugin "plugins\isotropic.dll" ..
2020-05-31 00:55:01 INFO  load [PluginManager] Loading plugin "plugins\diffuse.dll" ..
2020-05-31 00:55:01 INFO  load [PluginManager] Loading plugin "plugins\irradiancemeter.dll" ..
2020-05-31 00:55:01 INFO  load [PluginManager] Loading plugin "plugins\hdrfilm.dll" ..
2020-05-31 00:55:01 INFO  load [PluginManager] Loading plugin "plugins\gaussian.dll" ..
2020-05-31 00:55:01 INFO  load [PluginManager] Loading plugin "plugins\independent.dll" ..
2020-05-31 00:55:01 INFO  load [PluginManager] Loading plugin "plugins\disk.dll" ..
2020-05-31 00:55:01 INFO  load [PluginManager] Loading plugin "plugins\null.dll" ..
2020-05-31 00:55:01 INFO  load [PluginManager] Loading plugin "plugins\area.dll" ..
2020-05-31 00:55:01 INFO  load [PluginManager] Loading plugin "plugins\direct.dll" ..
2020-05-31 00:55:01 INFO  load [KDTreeBase] Constructing a SAH kd-tree (3 primitives) ..
2020-05-31 00:55:01 DEBUG load [KDTreeBase] Creating a preliminary index list (12 B)
2020-05-31 00:55:01 DEBUG load [KDTreeBase] Computed scene bounds in 0 ms
2020-05-31 00:55:01 DEBUG load [KDTreeBase] 
2020-05-31 00:55:01 DEBUG load [KDTreeBase] kd-tree configuration:
2020-05-31 00:55:01 DEBUG load [KDTreeBase]    Traversal cost           : 15.00
2020-05-31 00:55:01 DEBUG load [KDTreeBase]    Query cost               : 20.00
2020-05-31 00:55:01 DEBUG load [KDTreeBase]    Empty space bonus        : 0.90
2020-05-31 00:55:01 DEBUG load [KDTreeBase]    Max. tree depth          : 9
2020-05-31 00:55:01 DEBUG load [KDTreeBase]    Scene bounding box (min) : [-1, -1, -1]
2020-05-31 00:55:01 DEBUG load [KDTreeBase]    Scene bounding box (max) : [1, 1, 1]
2020-05-31 00:55:01 DEBUG load [KDTreeBase]    Min-max bins             : 128
2020-05-31 00:55:01 DEBUG load [KDTreeBase]    O(n log n) method        : use for <= 65536 primitives
2020-05-31 00:55:01 DEBUG load [KDTreeBase]    Perfect splits           : yes
2020-05-31 00:55:01 DEBUG load [KDTreeBase]    Retract bad splits       : yes
2020-05-31 00:55:01 DEBUG load [KDTreeBase]    Stopping primitive count : 6
2020-05-31 00:55:01 DEBUG load [KDTreeBase]    Build tree in parallel   : no
2020-05-31 00:55:01 DEBUG load [KDTreeBase] 
2020-05-31 00:55:01 INFO  load [KDTreeBase] Finished -- took 0 ms.
2020-05-31 00:55:01 DEBUG load [KDTreeBase] 
2020-05-31 00:55:01 DEBUG load [KDTreeBase] Temporary memory statistics:
2020-05-31 00:55:01 DEBUG load [KDTreeBase]    Classification storage : 13 B
2020-05-31 00:55:01 DEBUG load [KDTreeBase]    Indirection entries    : 0 (0 B)
2020-05-31 00:55:01 DEBUG load [KDTreeBase]    Main thread:
2020-05-31 00:55:01 DEBUG load [KDTreeBase]       Left events   : 1 chunks (512.0 KiB)
2020-05-31 00:55:01 DEBUG load [KDTreeBase]       Right events  : 0 chunks (0 B)
2020-05-31 00:55:01 DEBUG load [KDTreeBase]       kd-tree nodes : 1 entries, 1 blocks (512.0 KiB)
2020-05-31 00:55:01 DEBUG load [KDTreeBase]       Indices       : 3 entries, 1 blocks (512.0 KiB)
2020-05-31 00:55:01 DEBUG load [KDTreeBase]    Total: 1.5 MiB
2020-05-31 00:55:01 DEBUG load [KDTreeBase] 
2020-05-31 00:55:01 DEBUG load [KDTreeBase] Optimizing memory layout ..
2020-05-31 00:55:01 DEBUG load [KDTreeBase] Finished -- took 0 ms.
2020-05-31 00:55:01 DEBUG load [KDTreeBase] 
2020-05-31 00:55:01 DEBUG load [KDTreeBase] Structural kd-tree statistics:
2020-05-31 00:55:01 DEBUG load [KDTreeBase]    Parallel work units         : 0
2020-05-31 00:55:01 DEBUG load [KDTreeBase]    Node storage cost           : 8 B
2020-05-31 00:55:01 DEBUG load [KDTreeBase]    Index storage cost          : 12 B
2020-05-31 00:55:01 DEBUG load [KDTreeBase]    Inner nodes                 : 0
2020-05-31 00:55:01 DEBUG load [KDTreeBase]    Leaf nodes                  : 1
2020-05-31 00:55:01 DEBUG load [KDTreeBase]    Nonempty leaf nodes         : 1
2020-05-31 00:55:01 DEBUG load [KDTreeBase]    Leaf node histogram         : 0(0) 1(0) 2(0) 3(1) 
2020-05-31 00:55:01 DEBUG load [KDTreeBase]                                  4(0) 5(0) 6(0) 7(0) 
2020-05-31 00:55:01 DEBUG load [KDTreeBase]                                  8(0) 9(0) 10(0) 11(0) 
2020-05-31 00:55:01 DEBUG load [KDTreeBase]                                  12(0) 13(0) 14(0) 15(0) 
2020-05-31 00:55:01 DEBUG load [KDTreeBase] 
2020-05-31 00:55:01 DEBUG load [KDTreeBase] Qualitative kd-tree statistics:
2020-05-31 00:55:01 DEBUG load [KDTreeBase]    Retracted splits            : 0
2020-05-31 00:55:01 DEBUG load [KDTreeBase]    Pruned primitives           : 0
2020-05-31 00:55:01 DEBUG load [KDTreeBase]    Largest leaf node           : 3 primitives
2020-05-31 00:55:01 DEBUG load [KDTreeBase]    Avg. prims/nonempty leaf    : 3.00
2020-05-31 00:55:01 DEBUG load [KDTreeBase]    Expected traversals/query   : 0.00
2020-05-31 00:55:01 DEBUG load [KDTreeBase]    Expected leaf visits/query  : 1.00
2020-05-31 00:55:01 DEBUG load [KDTreeBase]    Expected prim. visits/query : 3.00
2020-05-31 00:55:01 DEBUG load [KDTreeBase]    Final cost                  : 60.00
2020-05-31 00:55:01 DEBUG load [KDTreeBase] 
2020-05-31 00:55:01 DEBUG load [ShapeKDTree] Precomputing triangle intersection information (144 B)
2020-05-31 00:55:01 DEBUG load [ShapeKDTree] Finished -- took 0 ms.
2020-05-31 00:55:01 DEBUG load [ShapeKDTree] 
2020-05-31 00:55:01 DEBUG load [Thread] Thread "load" has finished
2020-05-31 00:55:01 INFO  prvw [PluginManager] Loading plugin "plugins\halton.dll" ..
2020-05-31 00:55:29 DEBUG main [Thread] Spawning thread "load"
2020-05-31 00:55:29 INFO  load [sceneloader.cpp:114] Parsing scene description from "E:/_MyWorkSpace/mitsuba_git/data/tests/test_bidir_2.xml" ..
2020-05-31 00:55:29 DEBUG load [materials.h:195] Medium parameters: sigmaS=[0, 0, 0], sigmaA=[1, 1, 1], g=0
2020-05-31 00:55:29 INFO  load [KDTreeBase] Constructing a SAH kd-tree (3 primitives) ..
2020-05-31 00:55:29 DEBUG load [KDTreeBase] Creating a preliminary index list (12 B)
2020-05-31 00:55:29 DEBUG load [KDTreeBase] Computed scene bounds in 0 ms
2020-05-31 00:55:29 DEBUG load [KDTreeBase] 
2020-05-31 00:55:29 DEBUG load [KDTreeBase] kd-tree configuration:
2020-05-31 00:55:29 DEBUG load [KDTreeBase]    Traversal cost           : 15.00
2020-05-31 00:55:29 DEBUG load [KDTreeBase]    Query cost               : 20.00
2020-05-31 00:55:29 DEBUG load [KDTreeBase]    Empty space bonus        : 0.90
2020-05-31 00:55:29 DEBUG load [KDTreeBase]    Max. tree depth          : 9
2020-05-31 00:55:29 DEBUG load [KDTreeBase]    Scene bounding box (min) : [-1, -1, -1]
2020-05-31 00:55:29 DEBUG load [KDTreeBase]    Scene bounding box (max) : [1, 1, 1]
2020-05-31 00:55:29 DEBUG load [KDTreeBase]    Min-max bins             : 128
2020-05-31 00:55:29 DEBUG load [KDTreeBase]    O(n log n) method        : use for <= 65536 primitives
2020-05-31 00:55:29 DEBUG load [KDTreeBase]    Perfect splits           : yes
2020-05-31 00:55:29 DEBUG load [KDTreeBase]    Retract bad splits       : yes
2020-05-31 00:55:29 DEBUG load [KDTreeBase]    Stopping primitive count : 6
2020-05-31 00:55:29 DEBUG load [KDTreeBase]    Build tree in parallel   : no
2020-05-31 00:55:29 DEBUG load [KDTreeBase] 
2020-05-31 00:55:29 INFO  load [KDTreeBase] Finished -- took 0 ms.
2020-05-31 00:55:29 DEBUG load [KDTreeBase] 
2020-05-31 00:55:29 DEBUG load [KDTreeBase] Temporary memory statistics:
2020-05-31 00:55:29 DEBUG load [KDTreeBase]    Classification storage : 13 B
2020-05-31 00:55:29 DEBUG load [KDTreeBase]    Indirection entries    : 0 (0 B)
2020-05-31 00:55:29 DEBUG load [KDTreeBase]    Main thread:
2020-05-31 00:55:29 DEBUG load [KDTreeBase]       Left events   : 1 chunks (512.0 KiB)
2020-05-31 00:55:29 DEBUG load [KDTreeBase]       Right events  : 0 chunks (0 B)
2020-05-31 00:55:29 DEBUG load [KDTreeBase]       kd-tree nodes : 1 entries, 1 blocks (512.0 KiB)
2020-05-31 00:55:29 DEBUG load [KDTreeBase]       Indices       : 3 entries, 1 blocks (512.0 KiB)
2020-05-31 00:55:29 DEBUG load [KDTreeBase]    Total: 1.5 MiB
2020-05-31 00:55:29 DEBUG load [KDTreeBase] 
2020-05-31 00:55:29 DEBUG load [KDTreeBase] Optimizing memory layout ..
2020-05-31 00:55:29 DEBUG load [KDTreeBase] Finished -- took 0 ms.
2020-05-31 00:55:29 DEBUG load [KDTreeBase] 
2020-05-31 00:55:29 DEBUG load [KDTreeBase] Structural kd-tree statistics:
2020-05-31 00:55:29 DEBUG load [KDTreeBase]    Parallel work units         : 0
2020-05-31 00:55:29 DEBUG load [KDTreeBase]    Node storage cost           : 8 B
2020-05-31 00:55:29 DEBUG load [KDTreeBase]    Index storage cost          : 12 B
2020-05-31 00:55:29 DEBUG load [KDTreeBase]    Inner nodes                 : 0
2020-05-31 00:55:29 DEBUG load [KDTreeBase]    Leaf nodes                  : 1
2020-05-31 00:55:29 DEBUG load [KDTreeBase]    Nonempty leaf nodes         : 1
2020-05-31 00:55:29 DEBUG load [KDTreeBase]    Leaf node histogram         : 0(0) 1(0) 2(0) 3(1) 
2020-05-31 00:55:29 DEBUG load [KDTreeBase]                                  4(0) 5(0) 6(0) 7(0) 
2020-05-31 00:55:29 DEBUG load [KDTreeBase]                                  8(0) 9(0) 10(0) 11(0) 
2020-05-31 00:55:29 DEBUG load [KDTreeBase]                                  12(0) 13(0) 14(0) 15(0) 
2020-05-31 00:55:29 DEBUG load [KDTreeBase] 
2020-05-31 00:55:29 DEBUG load [KDTreeBase] Qualitative kd-tree statistics:
2020-05-31 00:55:29 DEBUG load [KDTreeBase]    Retracted splits            : 0
2020-05-31 00:55:29 DEBUG load [KDTreeBase]    Pruned primitives           : 0
2020-05-31 00:55:29 DEBUG load [KDTreeBase]    Largest leaf node           : 3 primitives
2020-05-31 00:55:29 DEBUG load [KDTreeBase]    Avg. prims/nonempty leaf    : 3.00
2020-05-31 00:55:29 DEBUG load [KDTreeBase]    Expected traversals/query   : 0.00
2020-05-31 00:55:29 DEBUG load [KDTreeBase]    Expected leaf visits/query  : 1.00
2020-05-31 00:55:29 DEBUG load [KDTreeBase]    Expected prim. visits/query : 3.00
2020-05-31 00:55:29 DEBUG load [KDTreeBase]    Final cost                  : 60.00
2020-05-31 00:55:29 DEBUG load [KDTreeBase] 
2020-05-31 00:55:29 DEBUG load [ShapeKDTree] Precomputing triangle intersection information (144 B)
2020-05-31 00:55:29 DEBUG load [ShapeKDTree] Finished -- took 0 ms.
2020-05-31 00:55:29 DEBUG load [ShapeKDTree] 
2020-05-31 00:55:29 DEBUG load [Thread] Thread "load" has finished
2020-05-31 00:55:32 DEBUG main [Thread] Spawning thread "serv"
2020-05-31 00:55:48 DEBUG main [Thread] Spawning thread "load"
2020-05-31 00:55:48 INFO  load [sceneloader.cpp:114] Parsing scene description from "E:/_MyWorkSpace/mitsuba_git/data/tests/test_bidir_1.xml" ..
2020-05-31 00:55:48 DEBUG load [Thread] Thread "load" has finished
2020-05-31 00:55:49 INFO  main [upgrade.cpp:63] Searching for transformations..
2020-05-31 00:55:49 INFO  main [upgrade.cpp:81]   - registered transformation "upgrade_0.3.0.xsl", which updates to version 0.3.0
2020-05-31 00:55:49 INFO  main [upgrade.cpp:81]   - registered transformation "upgrade_0.4.0.xsl", which updates to version 0.4.0
2020-05-31 00:55:49 INFO  main [upgrade.cpp:81]   - registered transformation "upgrade_0.5.0.xsl", which updates to version 0.5.0
2020-05-31 00:55:49 INFO  main [upgrade.cpp:81]   - registered transformation "upgrade_0.6.0.xsl", which updates to version 0.6.0
2020-05-31 00:55:49 INFO  main [upgrade.cpp:89] Saving a backup copy of "E:/_MyWorkSpace/mitsuba_git/data/tests/test_bidir_1.xml" as "E:/_MyWorkSpace/mitsuba_git/data/tests/test_bidir_1.bak"
2020-05-31 00:55:49 INFO  main [upgrade.cpp:117] Applying transformation "upgrade_0.6.0.xsl" ..
2020-05-31 00:55:49 INFO  main [upgrade.cpp:132] Transformation is ready, running it now..
2020-05-31 00:55:49 INFO  main [upgrade.cpp:155] Successfully applied 1 transformations, writing the result to "E:/_MyWorkSpace/mitsuba_git/data/tests/test_bidir_1.xml" ..
2020-05-31 00:55:49 DEBUG main [Thread] Spawning thread "load"
2020-05-31 00:55:49 INFO  load [sceneloader.cpp:114] Parsing scene description from "E:/_MyWorkSpace/mitsuba_git/data/tests/test_bidir_1.xml" ..
2020-05-31 00:55:49 INFO  load [PluginManager] Loading plugin "plugins\radiancemeter.dll" ..
2020-05-31 00:55:49 INFO  load [PluginManager] Loading plugin "plugins\collimated.dll" ..
2020-05-31 00:55:49 INFO  load [KDTreeBase] Constructing a SAH kd-tree (0 primitives) ..
2020-05-31 00:55:49 WARN  load [KDTreeBase] kd-tree contains no geometry!
2020-05-31 00:55:49 DEBUG load [ShapeKDTree] Precomputing triangle intersection information (0 B)
2020-05-31 00:55:49 DEBUG load [ShapeKDTree] Finished -- took 0 ms.
2020-05-31 00:55:49 DEBUG load [ShapeKDTree] 
2020-05-31 00:55:49 DEBUG load [Thread] Thread "load" has finished
2020-05-31 00:55:49 WARN  prvw [Renderer] Resource does not have a hardware shader implementation: CollimatedBeamEmitter[
  power = [1, 1, 1],
  samplingWeight = 1,
  worldTransform = ref<AnimatedTransform>[ref=1, ptr=Matrix4x4[
    0, 1, 0, 0;
    1, 0, 0, 0;
    0, 0, -1, 1;
    0, 0, 0, 1
  ]],
  medium = ref<Medium>[null]
]
2020-05-31 00:55:57 WARN  prvw [Renderer] Resource does not have a hardware shader implementation: CollimatedBeamEmitter[
  power = [1, 1, 1],
  samplingWeight = 1,
  worldTransform = ref<AnimatedTransform>[ref=1, ptr=Matrix4x4[
    0, 1, 0, 0;
    1, 0, 0, 0;
    0, 0, -1, 1;
    0, 0, 0, 1
  ]],
  medium = ref<Medium>[null]
]
2020-05-31 00:56:16 DEBUG main [Thread] Spawning thread "load"
2020-05-31 00:56:16 INFO  load [sceneloader.cpp:114] Parsing scene description from "E:/_MyWorkSpace/mitsuba_git/data/tests/test_bsdf.xml" ..
2020-05-31 00:56:16 INFO  load [PluginManager] Loading plugin "plugins\plastic.dll" ..
2020-05-31 00:56:16 WARN  load [scenehandler.cpp:795] In file "E:/_MyWorkSpace/mitsuba_git/data/tests/test_bsdf.xml" (near line 10): Unqueried attribute "preserveColors" in element "bsdf"
2020-05-31 00:56:16 WARN  load [scenehandler.cpp:795] In file "E:/_MyWorkSpace/mitsuba_git/data/tests/test_bsdf.xml" (near line 15): Unqueried attribute "preserveColors" in element "bsdf"
2020-05-31 00:56:16 INFO  load [PluginManager] Loading plugin "plugins\roughdiffuse.dll" ..
2020-05-31 00:56:16 INFO  load [PluginManager] Loading plugin "plugins\twosided.dll" ..
2020-05-31 00:56:16 INFO  load [PluginManager] Loading plugin "plugins\difftrans.dll" ..
2020-05-31 00:56:16 INFO  load [PluginManager] Loading plugin "plugins\mixturebsdf.dll" ..
2020-05-31 00:56:16 INFO  load [PluginManager] Loading plugin "plugins\conductor.dll" ..
2020-05-31 00:56:16 INFO  load [spectrum.cpp:601] "Cu.eta.spd": loaded a spectral power distribution with 55 entries (between 302.400421 and 885.601257 nm)
2020-05-31 00:56:16 INFO  load [spectrum.cpp:601] "Cu.k.spd": loaded a spectral power distribution with 55 entries (between 302.400421 and 885.601257 nm)
2020-05-31 00:56:16 INFO  load [PluginManager] Loading plugin "plugins\dielectric.dll" ..
2020-05-31 00:56:16 INFO  load [spectrum.cpp:601] "Cu.eta.spd": loaded a spectral power distribution with 55 entries (between 302.400421 and 885.601257 nm)
2020-05-31 00:56:16 INFO  load [spectrum.cpp:601] "Cu.k.spd": loaded a spectral power distribution with 55 entries (between 302.400421 and 885.601257 nm)
2020-05-31 00:56:16 INFO  load [PluginManager] Loading plugin "plugins\hk.dll" ..
2020-05-31 00:56:16 DEBUG load [materials.h:195] Medium parameters: sigmaS=[74, 88, 101], sigmaA=[3.2, 17, 48], g=0
2020-05-31 00:56:16 INFO  load [PluginManager] Loading plugin "plugins\hg.dll" ..
2020-05-31 00:56:16 DEBUG load [materials.h:195] Medium parameters: sigmaS=[74, 88, 101], sigmaA=[3.2, 17, 48], g=0
2020-05-31 00:56:16 INFO  load [PluginManager] Loading plugin "plugins\roughdielectric.dll" ..
2020-05-31 00:56:16 INFO  load [PluginManager] Loading plugin "plugins\roughconductor.dll" ..
2020-05-31 00:56:16 INFO  load [spectrum.cpp:601] "Cu.eta.spd": loaded a spectral power distribution with 55 entries (between 302.400421 and 885.601257 nm)
2020-05-31 00:56:16 INFO  load [spectrum.cpp:601] "Cu.k.spd": loaded a spectral power distribution with 55 entries (between 302.400421 and 885.601257 nm)
2020-05-31 00:56:16 INFO  load [spectrum.cpp:601] "Au.eta.spd": loaded a spectral power distribution with 56 entries (between 298.757050 and 885.601257 nm)
2020-05-31 00:56:16 INFO  load [spectrum.cpp:601] "Au.k.spd": loaded a spectral power distribution with 56 entries (between 298.757050 and 885.601257 nm)
2020-05-31 00:56:16 INFO  load [PluginManager] Loading plugin "plugins\roughplastic.dll" ..
2020-05-31 00:56:16 DEBUG load [rtrans.h:118] Loading 100x50x100 (1.9 MiB) rough transmittance samples from "E:/_MyWorkSpace\mitsuba_git\dist\data/microfacet/beckmann.dat"
2020-05-31 00:56:16 DEBUG load [rtrans.h:132] Precomputed data is available for the IOR range [1.0001, 4.0] and roughness range [0.0000, 4.0]
2020-05-31 00:56:16 DEBUG load [rtrans.h:300] Reducing dimension from 3D to 2D (19.7 KiB), eta = 1.489587
2020-05-31 00:56:16 DEBUG load [rtrans.h:300] Reducing dimension from 3D to 2D (19.7 KiB), eta = 0.671327
2020-05-31 00:56:16 DEBUG load [rtrans.h:363] Reducing dimension from 2D to 1D (404 B), alpha = 0.700000
2020-05-31 00:56:16 INFO  load [PluginManager] Loading plugin "plugins\phong.dll" ..
2020-05-31 00:56:16 INFO  load [PluginManager] Loading plugin "plugins\ward.dll" ..
2020-05-31 00:56:16 INFO  load [PluginManager] Loading plugin "plugins\mask.dll" ..
2020-05-31 00:56:16 INFO  load [PluginManager] Loading plugin "plugins\coating.dll" ..
2020-05-31 00:56:16 INFO  load [spectrum.cpp:601] "Cu.eta.spd": loaded a spectral power distribution with 55 entries (between 302.400421 and 885.601257 nm)
2020-05-31 00:56:16 INFO  load [spectrum.cpp:601] "Cu.k.spd": loaded a spectral power distribution with 55 entries (between 302.400421 and 885.601257 nm)
2020-05-31 00:56:16 DEBUG load [materials.h:195] Medium parameters: sigmaS=[1, 1, 1], sigmaA=[0.1, 0.2, 0.3], g=0
2020-05-31 00:56:16 INFO  load [spectrum.cpp:601] "Cu.eta.spd": loaded a spectral power distribution with 55 entries (between 302.400421 and 885.601257 nm)
2020-05-31 00:56:16 INFO  load [spectrum.cpp:601] "Cu.k.spd": loaded a spectral power distribution with 55 entries (between 302.400421 and 885.601257 nm)
2020-05-31 00:56:16 INFO  load [PluginManager] Loading plugin "plugins\roughcoating.dll" ..
2020-05-31 00:56:16 DEBUG load [rtrans.h:118] Loading 100x50x100 (1.9 MiB) rough transmittance samples from "E:/_MyWorkSpace\mitsuba_git\dist\data/microfacet/beckmann.dat"
2020-05-31 00:56:16 DEBUG load [rtrans.h:132] Precomputed data is available for the IOR range [1.0001, 4.0] and roughness range [0.0000, 4.0]
2020-05-31 00:56:16 DEBUG load [rtrans.h:300] Reducing dimension from 3D to 2D (19.7 KiB), eta = 1.504183
2020-05-31 00:56:16 DEBUG load [rtrans.h:363] Reducing dimension from 2D to 1D (404 B), alpha = 0.100000
2020-05-31 00:56:16 INFO  load [Scene] No sensors found! Adding a perspective camera..
2020-05-31 00:56:16 INFO  load [PluginManager] Loading plugin "plugins\perspective.dll" ..
2020-05-31 00:56:16 INFO  load [KDTreeBase] Constructing a SAH kd-tree (0 primitives) ..
2020-05-31 00:56:16 WARN  load [KDTreeBase] kd-tree contains no geometry!
2020-05-31 00:56:16 DEBUG load [ShapeKDTree] Precomputing triangle intersection information (0 B)
2020-05-31 00:56:16 DEBUG load [ShapeKDTree] Finished -- took 0 ms.
2020-05-31 00:56:16 DEBUG load [ShapeKDTree] 
2020-05-31 00:56:16 WARN  load [Scene] No emitters found -- adding sun & sky.
2020-05-31 00:56:16 INFO  load [PluginManager] Loading plugin "plugins\sunsky.dll" ..
2020-05-31 00:56:16 INFO  load [PluginManager] Loading plugin "plugins\sky.dll" ..
2020-05-31 00:56:16 DEBUG load [sunmodel.h:240] Computed sun position for LocationRecord[latitude = 35.6894, longitude = 139.692, timezone = 9] and DateTimeRecord[year = 2010, month= 7, day = 10, hour = 15, minute = 0, second = 0]: SphericalCoordinates[elevation = 43.9205, azimuth = 265.752]
2020-05-31 00:56:16 DEBUG load [SunSkyEmitter] Rasterizing sun & skylight emitter to an 512x256 environment map ..
2020-05-31 00:56:16 DEBUG load [sunmodel.h:240] Computed sun position for LocationRecord[latitude = 35.6894, longitude = 139.692, timezone = 9] and DateTimeRecord[year = 2010, month= 7, day = 10, hour = 15, minute = 0, second = 0]: SphericalCoordinates[elevation = 43.9205, azimuth = 265.752]
2020-05-31 00:56:16 DEBUG load [SunSkyEmitter] Done (took 117 ms)
2020-05-31 00:56:16 INFO  load [PluginManager] Loading plugin "plugins\envmap.dll" ..
2020-05-31 00:56:16 INFO  load [PluginManager] Loading plugin "plugins\lanczos.dll" ..
2020-05-31 00:56:16 DEBUG load [MIPMap] Created 1.0 MiB of MIP maps in 14 ms
2020-05-31 00:56:16 INFO  load [EnvironmentMap] Precomputing data structures for environment map sampling (515.0 KiB)
2020-05-31 00:56:16 INFO  load [EnvironmentMap] Done (took 3 ms)
2020-05-31 00:56:16 INFO  load [PluginManager] Loading plugin "plugins\sphere.dll" ..
2020-05-31 00:56:16 DEBUG load [Thread] Thread "load" has finished
2020-05-31 00:56:16 DEBUG prvw [GLProgram] Uploading a GPU program : GPUProgram[name = 'Background program']
2020-05-31 00:56:20 DEBUG main [Thread] Spawning thread "rend"
2020-05-31 00:56:20 INFO  rend [SamplingIntegrator] Starting render job (768x576, 4 samples, 12 cores, SSE2 enabled) ..
2020-05-31 00:56:22 INFO  rend [RenderJob] Render time: 1.8960s
2020-05-31 00:56:22 DEBUG rend [HDRFilm] Developing film ..
2020-05-31 00:56:22 INFO  rend [HDRFilm] Writing image to "E:/_MyWorkSpace/mitsuba_git/data/tests\test_bsdf.exr" ..
2020-05-31 00:56:22 DEBUG rend [Bitmap] Writing a 768x576 OpenEXR file
2020-05-31 00:56:22 DEBUG rend [Thread] Thread "rend" has finished
2020-05-31 00:56:24 DEBUG main [Thread] Spawning thread "rend"
2020-05-31 00:56:24 INFO  rend [SamplingIntegrator] Starting render job (768x576, 4 samples, 12 cores, SSE2 enabled) ..
2020-05-31 00:56:24 INFO  rend [RenderJob] Render time: 0.4920s
2020-05-31 00:56:24 DEBUG rend [HDRFilm] Developing film ..
2020-05-31 00:56:24 INFO  rend [HDRFilm] Writing image to "E:/_MyWorkSpace/mitsuba_git/data/tests\test_bsdf.exr" ..
2020-05-31 00:56:24 DEBUG rend [Bitmap] Writing a 768x576 OpenEXR file
2020-05-31 00:56:24 DEBUG rend [Thread] Thread "rend" has finished
2020-05-31 00:56:27 DEBUG main [Thread] Spawning thread "rend"
2020-05-31 00:56:27 INFO  rend [SamplingIntegrator] Starting render job (768x576, 4 samples, 12 cores, SSE2 enabled) ..
2020-05-31 00:56:27 INFO  rend [RenderJob] Render time: 0.6630s
2020-05-31 00:56:27 DEBUG rend [HDRFilm] Developing film ..
2020-05-31 00:56:27 INFO  rend [HDRFilm] Writing image to "E:/_MyWorkSpace/mitsuba_git/data/tests\test_bsdf.exr" ..
2020-05-31 00:56:27 DEBUG rend [Bitmap] Writing a 768x576 OpenEXR file
2020-05-31 00:56:27 DEBUG rend [Thread] Thread "rend" has finished
2020-05-31 00:56:29 DEBUG main [Thread] Spawning thread "rend"
2020-05-31 00:56:29 INFO  rend [SamplingIntegrator] Starting render job (768x576, 4 samples, 12 cores, SSE2 enabled) ..
2020-05-31 00:56:30 INFO  rend [RenderJob] Render time: 1.4060s
2020-05-31 00:56:30 DEBUG rend [HDRFilm] Developing film ..
2020-05-31 00:56:30 INFO  rend [HDRFilm] Writing image to "E:/_MyWorkSpace/mitsuba_git/data/tests\test_bsdf.exr" ..
2020-05-31 00:56:30 DEBUG rend [Bitmap] Writing a 768x576 OpenEXR file
2020-05-31 00:56:30 DEBUG rend [Thread] Thread "rend" has finished
2020-05-31 00:56:31 DEBUG main [GLProgram] Freeing GPU program "Background program"
2020-05-31 00:56:31 DEBUG main [Thread] Spawning thread "load"
2020-05-31 00:56:31 INFO  load [sceneloader.cpp:114] Parsing scene description from "E:/_MyWorkSpace/mitsuba_git/data/tests/test_bsdf.xml" ..
2020-05-31 00:56:31 WARN  load [scenehandler.cpp:795] In file "E:/_MyWorkSpace/mitsuba_git/data/tests/test_bsdf.xml" (near line 10): Unqueried attribute "preserveColors" in element "bsdf"
2020-05-31 00:56:31 WARN  load [scenehandler.cpp:795] In file "E:/_MyWorkSpace/mitsuba_git/data/tests/test_bsdf.xml" (near line 15): Unqueried attribute "preserveColors" in element "bsdf"
2020-05-31 00:56:31 INFO  load [spectrum.cpp:601] "Cu.eta.spd": loaded a spectral power distribution with 55 entries (between 302.400421 and 885.601257 nm)
2020-05-31 00:56:31 INFO  load [spectrum.cpp:601] "Cu.k.spd": loaded a spectral power distribution with 55 entries (between 302.400421 and 885.601257 nm)
2020-05-31 00:56:31 INFO  load [spectrum.cpp:601] "Cu.eta.spd": loaded a spectral power distribution with 55 entries (between 302.400421 and 885.601257 nm)
2020-05-31 00:56:31 INFO  load [spectrum.cpp:601] "Cu.k.spd": loaded a spectral power distribution with 55 entries (between 302.400421 and 885.601257 nm)
2020-05-31 00:56:31 DEBUG load [materials.h:195] Medium parameters: sigmaS=[74, 88, 101], sigmaA=[3.2, 17, 48], g=0
2020-05-31 00:56:31 DEBUG load [materials.h:195] Medium parameters: sigmaS=[74, 88, 101], sigmaA=[3.2, 17, 48], g=0
2020-05-31 00:56:31 INFO  load [spectrum.cpp:601] "Cu.eta.spd": loaded a spectral power distribution with 55 entries (between 302.400421 and 885.601257 nm)
2020-05-31 00:56:31 INFO  load [spectrum.cpp:601] "Cu.k.spd": loaded a spectral power distribution with 55 entries (between 302.400421 and 885.601257 nm)
2020-05-31 00:56:31 INFO  load [spectrum.cpp:601] "Au.eta.spd": loaded a spectral power distribution with 56 entries (between 298.757050 and 885.601257 nm)
2020-05-31 00:56:31 INFO  load [spectrum.cpp:601] "Au.k.spd": loaded a spectral power distribution with 56 entries (between 298.757050 and 885.601257 nm)
2020-05-31 00:56:31 DEBUG load [rtrans.h:118] Loading 100x50x100 (1.9 MiB) rough transmittance samples from "E:/_MyWorkSpace\mitsuba_git\dist\data/microfacet/beckmann.dat"
2020-05-31 00:56:31 DEBUG load [rtrans.h:132] Precomputed data is available for the IOR range [1.0001, 4.0] and roughness range [0.0000, 4.0]
2020-05-31 00:56:31 DEBUG load [rtrans.h:300] Reducing dimension from 3D to 2D (19.7 KiB), eta = 1.489587
2020-05-31 00:56:31 DEBUG load [rtrans.h:300] Reducing dimension from 3D to 2D (19.7 KiB), eta = 0.671327
2020-05-31 00:56:31 DEBUG load [rtrans.h:363] Reducing dimension from 2D to 1D (404 B), alpha = 0.700000
2020-05-31 00:56:31 INFO  load [spectrum.cpp:601] "Cu.eta.spd": loaded a spectral power distribution with 55 entries (between 302.400421 and 885.601257 nm)
2020-05-31 00:56:31 INFO  load [spectrum.cpp:601] "Cu.k.spd": loaded a spectral power distribution with 55 entries (between 302.400421 and 885.601257 nm)
2020-05-31 00:56:31 DEBUG load [materials.h:195] Medium parameters: sigmaS=[1, 1, 1], sigmaA=[0.1, 0.2, 0.3], g=0
2020-05-31 00:56:31 INFO  load [spectrum.cpp:601] "Cu.eta.spd": loaded a spectral power distribution with 55 entries (between 302.400421 and 885.601257 nm)
2020-05-31 00:56:31 INFO  load [spectrum.cpp:601] "Cu.k.spd": loaded a spectral power distribution with 55 entries (between 302.400421 and 885.601257 nm)
2020-05-31 00:56:31 DEBUG load [rtrans.h:118] Loading 100x50x100 (1.9 MiB) rough transmittance samples from "E:/_MyWorkSpace\mitsuba_git\dist\data/microfacet/beckmann.dat"
2020-05-31 00:56:31 DEBUG load [rtrans.h:132] Precomputed data is available for the IOR range [1.0001, 4.0] and roughness range [0.0000, 4.0]
2020-05-31 00:56:31 DEBUG load [rtrans.h:300] Reducing dimension from 3D to 2D (19.7 KiB), eta = 1.504183
2020-05-31 00:56:31 DEBUG load [rtrans.h:363] Reducing dimension from 2D to 1D (404 B), alpha = 0.100000
2020-05-31 00:56:31 INFO  load [Scene] No sensors found! Adding a perspective camera..
2020-05-31 00:56:31 INFO  load [KDTreeBase] Constructing a SAH kd-tree (0 primitives) ..
2020-05-31 00:56:31 WARN  load [KDTreeBase] kd-tree contains no geometry!
2020-05-31 00:56:31 DEBUG load [ShapeKDTree] Precomputing triangle intersection information (0 B)
2020-05-31 00:56:31 DEBUG load [ShapeKDTree] Finished -- took 0 ms.
2020-05-31 00:56:31 DEBUG load [ShapeKDTree] 
2020-05-31 00:56:31 WARN  load [Scene] No emitters found -- adding sun & sky.
2020-05-31 00:56:31 DEBUG load [sunmodel.h:240] Computed sun position for LocationRecord[latitude = 35.6894, longitude = 139.692, timezone = 9] and DateTimeRecord[year = 2010, month= 7, day = 10, hour = 15, minute = 0, second = 0]: SphericalCoordinates[elevation = 43.9205, azimuth = 265.752]
2020-05-31 00:56:31 DEBUG load [SunSkyEmitter] Rasterizing sun & skylight emitter to an 512x256 environment map ..
2020-05-31 00:56:31 DEBUG load [sunmodel.h:240] Computed sun position for LocationRecord[latitude = 35.6894, longitude = 139.692, timezone = 9] and DateTimeRecord[year = 2010, month= 7, day = 10, hour = 15, minute = 0, second = 0]: SphericalCoordinates[elevation = 43.9205, azimuth = 265.752]
2020-05-31 00:56:32 DEBUG load [SunSkyEmitter] Done (took 111 ms)
2020-05-31 00:56:32 DEBUG load [MIPMap] Created 1.0 MiB of MIP maps in 16 ms
2020-05-31 00:56:32 INFO  load [EnvironmentMap] Precomputing data structures for environment map sampling (515.0 KiB)
2020-05-31 00:56:32 INFO  load [EnvironmentMap] Done (took 3 ms)
2020-05-31 00:56:32 DEBUG load [Thread] Thread "load" has finished
2020-05-31 00:56:32 DEBUG prvw [GLProgram] Uploading a GPU program : GPUProgram[name = 'Background program']
2020-05-31 00:56:34 DEBUG main [Thread] Spawning thread "rend"
2020-05-31 00:56:34 INFO  rend [SamplingIntegrator] Starting render job (768x576, 4 samples, 12 cores, SSE2 enabled) ..
2020-05-31 00:56:36 INFO  rend [RenderJob] Render time: 1.6540s
2020-05-31 00:56:36 DEBUG rend [HDRFilm] Developing film ..
2020-05-31 00:56:36 INFO  rend [HDRFilm] Writing image to "E:/_MyWorkSpace/mitsuba_git/data/tests\test_bsdf.exr" ..
2020-05-31 00:56:36 DEBUG rend [Bitmap] Writing a 768x576 OpenEXR file
2020-05-31 00:56:36 DEBUG rend [Thread] Thread "rend" has finished
2020-05-31 00:56:40 DEBUG main [Thread] Spawning thread "rend"
2020-05-31 00:56:40 INFO  rend [SamplingIntegrator] Starting render job (768x576, 4 samples, 12 cores, SSE2 enabled) ..
2020-05-31 00:56:44 WARN  rend [RenderJob] Rendering of scene "test_bsdf.xml" did not complete successfully!
2020-05-31 00:56:44 INFO  rend [RenderJob] Render time: 4.4050s
2020-05-31 00:56:44 DEBUG rend [HDRFilm] Developing film ..
2020-05-31 00:56:44 INFO  rend [HDRFilm] Writing image to "E:/_MyWorkSpace/mitsuba_git/data/tests\test_bsdf.exr" ..
2020-05-31 00:56:44 DEBUG rend [Bitmap] Writing a 768x576 OpenEXR file
2020-05-31 00:56:44 DEBUG rend [Thread] Thread "rend" has finished
2020-05-31 00:56:48 DEBUG main [Thread] Spawning thread "rend"
2020-05-31 00:56:48 INFO  rend [SamplingIntegrator] Starting render job (768x576, 4 samples, 12 cores, SSE2 enabled) ..
2020-05-31 00:56:50 INFO  rend [RenderJob] Render time: 2.3170s
2020-05-31 00:56:50 DEBUG rend [HDRFilm] Developing film ..
2020-05-31 00:56:51 INFO  rend [HDRFilm] Writing image to "E:/_MyWorkSpace/mitsuba_git/data/tests\test_bsdf.exr" ..
2020-05-31 00:56:51 DEBUG rend [Bitmap] Writing a 768x576 OpenEXR file
2020-05-31 00:56:51 DEBUG rend [Thread] Thread "rend" has finished
2020-05-31 00:57:57 DEBUG main [Thread] Spawning thread "load"
2020-05-31 00:57:57 INFO  load [sceneloader.cpp:114] Parsing scene description from "E:/_MyWorkSpace/mitsuba_git/data/tests/test_bidir_0.xml" ..
2020-05-31 00:57:57 INFO  load [PluginManager] Loading plugin "plugins\ptracer.dll" ..
2020-05-31 00:57:57 INFO  load [PluginManager] Loading plugin "plugins\mfilm.dll" ..
2020-05-31 00:57:57 INFO  load [PluginManager] Loading plugin "plugins\box.dll" ..
2020-05-31 00:57:57 INFO  load [KDTreeBase] Constructing a SAH kd-tree (2 primitives) ..
2020-05-31 00:57:57 DEBUG load [KDTreeBase] Creating a preliminary index list (8 B)
2020-05-31 00:57:57 DEBUG load [KDTreeBase] Computed scene bounds in 0 ms
2020-05-31 00:57:57 DEBUG load [KDTreeBase] 
2020-05-31 00:57:57 DEBUG load [KDTreeBase] kd-tree configuration:
2020-05-31 00:57:57 DEBUG load [KDTreeBase]    Traversal cost           : 15.00
2020-05-31 00:57:57 DEBUG load [KDTreeBase]    Query cost               : 20.00
2020-05-31 00:57:57 DEBUG load [KDTreeBase]    Empty space bonus        : 0.90
2020-05-31 00:57:57 DEBUG load [KDTreeBase]    Max. tree depth          : 9
2020-05-31 00:57:57 DEBUG load [KDTreeBase]    Scene bounding box (min) : [-1, -1, -1]
2020-05-31 00:57:57 DEBUG load [KDTreeBase]    Scene bounding box (max) : [1, 1, 1]
2020-05-31 00:57:57 DEBUG load [KDTreeBase]    Min-max bins             : 128
2020-05-31 00:57:57 DEBUG load [KDTreeBase]    O(n log n) method        : use for <= 65536 primitives
2020-05-31 00:57:57 DEBUG load [KDTreeBase]    Perfect splits           : yes
2020-05-31 00:57:57 DEBUG load [KDTreeBase]    Retract bad splits       : yes
2020-05-31 00:57:57 DEBUG load [KDTreeBase]    Stopping primitive count : 6
2020-05-31 00:57:57 DEBUG load [KDTreeBase]    Build tree in parallel   : no
2020-05-31 00:57:57 DEBUG load [KDTreeBase] 
2020-05-31 00:57:57 INFO  load [KDTreeBase] Finished -- took 0 ms.
2020-05-31 00:57:57 DEBUG load [KDTreeBase] 
2020-05-31 00:57:57 DEBUG load [KDTreeBase] Temporary memory statistics:
2020-05-31 00:57:57 DEBUG load [KDTreeBase]    Classification storage : 13 B
2020-05-31 00:57:57 DEBUG load [KDTreeBase]    Indirection entries    : 0 (0 B)
2020-05-31 00:57:57 DEBUG load [KDTreeBase]    Main thread:
2020-05-31 00:57:57 DEBUG load [KDTreeBase]       Left events   : 1 chunks (512.0 KiB)
2020-05-31 00:57:57 DEBUG load [KDTreeBase]       Right events  : 0 chunks (0 B)
2020-05-31 00:57:57 DEBUG load [KDTreeBase]       kd-tree nodes : 1 entries, 1 blocks (512.0 KiB)
2020-05-31 00:57:57 DEBUG load [KDTreeBase]       Indices       : 2 entries, 1 blocks (512.0 KiB)
2020-05-31 00:57:57 DEBUG load [KDTreeBase]    Total: 1.5 MiB
2020-05-31 00:57:57 DEBUG load [KDTreeBase] 
2020-05-31 00:57:57 DEBUG load [KDTreeBase] Optimizing memory layout ..
2020-05-31 00:57:57 DEBUG load [KDTreeBase] Finished -- took 0 ms.
2020-05-31 00:57:57 DEBUG load [KDTreeBase] 
2020-05-31 00:57:57 DEBUG load [KDTreeBase] Structural kd-tree statistics:
2020-05-31 00:57:57 DEBUG load [KDTreeBase]    Parallel work units         : 0
2020-05-31 00:57:57 DEBUG load [KDTreeBase]    Node storage cost           : 8 B
2020-05-31 00:57:57 DEBUG load [KDTreeBase]    Index storage cost          : 8 B
2020-05-31 00:57:57 DEBUG load [KDTreeBase]    Inner nodes                 : 0
2020-05-31 00:57:57 DEBUG load [KDTreeBase]    Leaf nodes                  : 1
2020-05-31 00:57:57 DEBUG load [KDTreeBase]    Nonempty leaf nodes         : 1
2020-05-31 00:57:57 DEBUG load [KDTreeBase]    Leaf node histogram         : 0(0) 1(0) 2(1) 3(0) 
2020-05-31 00:57:57 DEBUG load [KDTreeBase]                                  4(0) 5(0) 6(0) 7(0) 
2020-05-31 00:57:57 DEBUG load [KDTreeBase]                                  8(0) 9(0) 10(0) 11(0) 
2020-05-31 00:57:57 DEBUG load [KDTreeBase]                                  12(0) 13(0) 14(0) 15(0) 
2020-05-31 00:57:57 DEBUG load [KDTreeBase] 
2020-05-31 00:57:57 DEBUG load [KDTreeBase] Qualitative kd-tree statistics:
2020-05-31 00:57:57 DEBUG load [KDTreeBase]    Retracted splits            : 0
2020-05-31 00:57:57 DEBUG load [KDTreeBase]    Pruned primitives           : 0
2020-05-31 00:57:57 DEBUG load [KDTreeBase]    Largest leaf node           : 2 primitives
2020-05-31 00:57:57 DEBUG load [KDTreeBase]    Avg. prims/nonempty leaf    : 2.00
2020-05-31 00:57:57 DEBUG load [KDTreeBase]    Expected traversals/query   : 0.00
2020-05-31 00:57:57 DEBUG load [KDTreeBase]    Expected leaf visits/query  : 1.00
2020-05-31 00:57:57 DEBUG load [KDTreeBase]    Expected prim. visits/query : 2.00
2020-05-31 00:57:57 DEBUG load [KDTreeBase]    Final cost                  : 40.00
2020-05-31 00:57:57 DEBUG load [KDTreeBase] 
2020-05-31 00:57:57 DEBUG load [ShapeKDTree] Precomputing triangle intersection information (96 B)
2020-05-31 00:57:57 DEBUG load [ShapeKDTree] Finished -- took 0 ms.
2020-05-31 00:57:57 DEBUG load [ShapeKDTree] 
2020-05-31 00:57:57 DEBUG load [Thread] Thread "load" has finished
2020-05-31 00:57:57 DEBUG prvw [GLProgram] Freeing GPU program "Background program"
2020-05-31 00:58:03 DEBUG main [Thread] Spawning thread "rend"
2020-05-31 00:58:03 INFO  rend [AdjointParticleTracer] Starting render job (1x1, 128000 samples, 12 cores, SSE2 enabled) ..
2020-05-31 00:58:04 INFO  rend [RenderJob] Render time: 0.2340s
2020-05-31 00:58:04 DEBUG rend [MFilm] Developing film ..
2020-05-31 00:58:04 INFO  rend [MFilm] Writing image to "test_bidir_0.m" ..
2020-05-31 00:58:04 DEBUG rend [Thread] Thread "rend" has finished
2020-05-31 00:58:48 DEBUG main [Thread] Spawning thread "load"
2020-05-31 00:58:48 INFO  load [sceneloader.cpp:114] Parsing scene description from "E:/_MyWorkSpace/mitsuba_git/data/tests/bunny.ply" ..
2020-05-31 00:58:48 DEBUG load [Thread] Thread "load" has finished
2020-05-31 00:58:57 DEBUG main [Thread] Spawning thread "load"
2020-05-31 00:58:57 INFO  load [sceneloader.cpp:114] Parsing scene description from "E:/_MyWorkSpace/mitsuba_git/data/tests/test_bidir_0.m" ..
2020-05-31 00:58:57 DEBUG load [Thread] Thread "load" has finished
2020-05-31 00:59:00 DEBUG main [Thread] Spawning thread "load"
2020-05-31 00:59:00 INFO  load [sceneloader.cpp:114] Parsing scene description from "E:/_MyWorkSpace/mitsuba_git/data/tests/test_bidir_0.bak" ..
2020-05-31 00:59:00 DEBUG load [Thread] Thread "load" has finished
2020-05-31 00:59:02 INFO  main [upgrade.cpp:63] Searching for transformations..
2020-05-31 00:59:02 INFO  main [upgrade.cpp:81]   - registered transformation "upgrade_0.3.0.xsl", which updates to version 0.3.0
2020-05-31 00:59:02 INFO  main [upgrade.cpp:81]   - registered transformation "upgrade_0.4.0.xsl", which updates to version 0.4.0
2020-05-31 00:59:02 INFO  main [upgrade.cpp:81]   - registered transformation "upgrade_0.5.0.xsl", which updates to version 0.5.0
2020-05-31 00:59:02 INFO  main [upgrade.cpp:81]   - registered transformation "upgrade_0.6.0.xsl", which updates to version 0.6.0
2020-05-31 00:59:02 INFO  main [upgrade.cpp:89] Saving a backup copy of "E:/_MyWorkSpace/mitsuba_git/data/tests/test_bidir_0.bak" as "E:/_MyWorkSpace/mitsuba_git/data/tests/test_bidir_0.bak"
2020-05-31 00:59:08 DEBUG main [Thread] Spawning thread "rend"
2020-05-31 00:59:08 INFO  rend [AdjointParticleTracer] Starting render job (1x1, 128000 samples, 12 cores, SSE2 enabled) ..
2020-05-31 00:59:08 INFO  rend [RenderJob] Render time: 0.2790s
2020-05-31 00:59:08 DEBUG rend [MFilm] Developing film ..
2020-05-31 00:59:08 INFO  rend [MFilm] Writing image to "test_bidir_0.m" ..
2020-05-31 00:59:08 DEBUG rend [Thread] Thread "rend" has finished
2020-05-31 01:02:23 DEBUG main [Thread] Spawning thread "load"
2020-05-31 01:02:23 INFO  load [sceneloader.cpp:114] Parsing scene description from "C:/Users/65213/Desktop/cbox/cbox.xml" ..
2020-05-31 01:02:23 DEBUG load [Thread] Thread "load" has finished
2020-05-31 01:02:25 INFO  main [upgrade.cpp:63] Searching for transformations..
2020-05-31 01:02:25 INFO  main [upgrade.cpp:81]   - registered transformation "upgrade_0.3.0.xsl", which updates to version 0.3.0
2020-05-31 01:02:25 INFO  main [upgrade.cpp:81]   - registered transformation "upgrade_0.4.0.xsl", which updates to version 0.4.0
2020-05-31 01:02:25 INFO  main [upgrade.cpp:81]   - registered transformation "upgrade_0.5.0.xsl", which updates to version 0.5.0
2020-05-31 01:02:25 INFO  main [upgrade.cpp:81]   - registered transformation "upgrade_0.6.0.xsl", which updates to version 0.6.0
2020-05-31 01:02:25 INFO  main [upgrade.cpp:89] Saving a backup copy of "C:/Users/65213/Desktop/cbox/cbox.xml" as "C:/Users/65213/Desktop/cbox/cbox.bak"
2020-05-31 01:02:25 INFO  main [upgrade.cpp:117] Applying transformation "upgrade_0.5.0.xsl" ..
2020-05-31 01:02:25 INFO  main [upgrade.cpp:132] Transformation is ready, running it now..
2020-05-31 01:02:25 INFO  main [upgrade.cpp:117] Applying transformation "upgrade_0.6.0.xsl" ..
2020-05-31 01:02:25 INFO  main [upgrade.cpp:132] Transformation is ready, running it now..
2020-05-31 01:02:25 INFO  main [upgrade.cpp:155] Successfully applied 2 transformations, writing the result to "C:/Users/65213/Desktop/cbox/cbox.xml" ..
2020-05-31 01:02:25 DEBUG main [Thread] Spawning thread "load"
2020-05-31 01:02:25 INFO  load [sceneloader.cpp:114] Parsing scene description from "C:/Users/65213/Desktop/cbox/cbox.xml" ..
2020-05-31 01:02:25 INFO  load [PluginManager] Loading plugin "plugins\path.dll" ..
2020-05-31 01:02:25 INFO  load [PluginManager] Loading plugin "plugins\ldsampler.dll" ..
2020-05-31 01:02:25 INFO  load [PluginManager] Loading plugin "plugins\obj.dll" ..
2020-05-31 01:02:25 INFO  load [WavefrontOBJ] Loading geometry from "cbox_luminaire.obj" ..
2020-05-31 01:02:25 INFO  load [WavefrontOBJ] cbox_luminaire: 2 triangles, 4 vertices (merged 2 vertices).
2020-05-31 01:02:25 INFO  load [WavefrontOBJ] Done with "cbox_luminaire.obj" (took 0 ms)
2020-05-31 01:02:25 INFO  load [WavefrontOBJ] Loading geometry from "cbox_floor.obj" ..
2020-05-31 01:02:25 INFO  load [WavefrontOBJ] cbox_floor: 2 triangles, 4 vertices (merged 2 vertices).
2020-05-31 01:02:25 INFO  load [WavefrontOBJ] Done with "cbox_floor.obj" (took 0 ms)
2020-05-31 01:02:25 INFO  load [WavefrontOBJ] Loading geometry from "cbox_ceiling.obj" ..
2020-05-31 01:02:25 INFO  load [WavefrontOBJ] cbox_ceiling: 4 triangles, 8 vertices (merged 4 vertices).
2020-05-31 01:02:25 INFO  load [WavefrontOBJ] Done with "cbox_ceiling.obj" (took 0 ms)
2020-05-31 01:02:25 INFO  load [WavefrontOBJ] Loading geometry from "cbox_back.obj" ..
2020-05-31 01:02:25 INFO  load [WavefrontOBJ] cbox_back: 2 triangles, 4 vertices (merged 2 vertices).
2020-05-31 01:02:25 INFO  load [WavefrontOBJ] Done with "cbox_back.obj" (took 0 ms)
2020-05-31 01:02:25 INFO  load [WavefrontOBJ] Loading geometry from "cbox_greenwall.obj" ..
2020-05-31 01:02:25 INFO  load [WavefrontOBJ] cbox_greenwall: 2 triangles, 4 vertices (merged 2 vertices).
2020-05-31 01:02:25 INFO  load [WavefrontOBJ] Done with "cbox_greenwall.obj" (took 0 ms)
2020-05-31 01:02:25 INFO  load [WavefrontOBJ] Loading geometry from "cbox_redwall.obj" ..
2020-05-31 01:02:25 INFO  load [WavefrontOBJ] cbox_redwall: 2 triangles, 4 vertices (merged 2 vertices).
2020-05-31 01:02:25 INFO  load [WavefrontOBJ] Done with "cbox_redwall.obj" (took 0 ms)
2020-05-31 01:02:25 INFO  load [WavefrontOBJ] Loading geometry from "cbox_smallbox.obj" ..
2020-05-31 01:02:25 INFO  load [WavefrontOBJ] cbox_smallbox: 12 triangles, 24 vertices (merged 12 vertices).
2020-05-31 01:02:25 INFO  load [WavefrontOBJ] Done with "cbox_smallbox.obj" (took 0 ms)
2020-05-31 01:02:25 INFO  load [WavefrontOBJ] Loading geometry from "cbox_largebox.obj" ..
2020-05-31 01:02:25 INFO  load [WavefrontOBJ] cbox_largebox: 12 triangles, 24 vertices (merged 12 vertices).
2020-05-31 01:02:25 INFO  load [WavefrontOBJ] Done with "cbox_largebox.obj" (took 0 ms)
2020-05-31 01:02:25 INFO  load [KDTreeBase] Constructing a SAH kd-tree (38 primitives) ..
2020-05-31 01:02:25 DEBUG load [KDTreeBase] Creating a preliminary index list (152 B)
2020-05-31 01:02:25 DEBUG load [KDTreeBase] Computed scene bounds in 0 ms
2020-05-31 01:02:25 DEBUG load [KDTreeBase] 
2020-05-31 01:02:25 DEBUG load [KDTreeBase] kd-tree configuration:
2020-05-31 01:02:25 DEBUG load [KDTreeBase]    Traversal cost           : 15.00
2020-05-31 01:02:25 DEBUG load [KDTreeBase]    Query cost               : 20.00
2020-05-31 01:02:25 DEBUG load [KDTreeBase]    Empty space bonus        : 0.90
2020-05-31 01:02:25 DEBUG load [KDTreeBase]    Max. tree depth          : 14
2020-05-31 01:02:25 DEBUG load [KDTreeBase]    Scene bounding box (min) : [0, 0, 0]
2020-05-31 01:02:25 DEBUG load [KDTreeBase]    Scene bounding box (max) : [556, 548.8, 559.2]
2020-05-31 01:02:25 DEBUG load [KDTreeBase]    Min-max bins             : 128
2020-05-31 01:02:25 DEBUG load [KDTreeBase]    O(n log n) method        : use for <= 65536 primitives
2020-05-31 01:02:25 DEBUG load [KDTreeBase]    Perfect splits           : yes
2020-05-31 01:02:25 DEBUG load [KDTreeBase]    Retract bad splits       : yes
2020-05-31 01:02:25 DEBUG load [KDTreeBase]    Stopping primitive count : 6
2020-05-31 01:02:25 DEBUG load [KDTreeBase]    Build tree in parallel   : no
2020-05-31 01:02:25 DEBUG load [KDTreeBase] 
2020-05-31 01:02:25 INFO  load [KDTreeBase] Finished -- took 0 ms.
2020-05-31 01:02:25 DEBUG load [KDTreeBase] 
2020-05-31 01:02:25 DEBUG load [KDTreeBase] Temporary memory statistics:
2020-05-31 01:02:25 DEBUG load [KDTreeBase]    Classification storage : 130 B
2020-05-31 01:02:25 DEBUG load [KDTreeBase]    Indirection entries    : 0 (0 B)
2020-05-31 01:02:25 DEBUG load [KDTreeBase]    Main thread:
2020-05-31 01:02:25 DEBUG load [KDTreeBase]       Left events   : 1 chunks (512.0 KiB)
2020-05-31 01:02:25 DEBUG load [KDTreeBase]       Right events  : 1 chunks (512.0 KiB)
2020-05-31 01:02:25 DEBUG load [KDTreeBase]       kd-tree nodes : 53 entries, 1 blocks (512.0 KiB)
2020-05-31 01:02:25 DEBUG load [KDTreeBase]       Indices       : 107 entries, 1 blocks (512.0 KiB)
2020-05-31 01:02:25 DEBUG load [KDTreeBase]    Total: 2.0 MiB
2020-05-31 01:02:25 DEBUG load [KDTreeBase] 
2020-05-31 01:02:25 DEBUG load [KDTreeBase] Optimizing memory layout ..
2020-05-31 01:02:25 DEBUG load [KDTreeBase] Finished -- took 0 ms.
2020-05-31 01:02:25 DEBUG load [KDTreeBase] 
2020-05-31 01:02:25 DEBUG load [KDTreeBase] Structural kd-tree statistics:
2020-05-31 01:02:25 DEBUG load [KDTreeBase]    Parallel work units         : 0
2020-05-31 01:02:25 DEBUG load [KDTreeBase]    Node storage cost           : 408 B
2020-05-31 01:02:25 DEBUG load [KDTreeBase]    Index storage cost          : 428 B
2020-05-31 01:02:25 DEBUG load [KDTreeBase]    Inner nodes                 : 25
2020-05-31 01:02:25 DEBUG load [KDTreeBase]    Leaf nodes                  : 26
2020-05-31 01:02:25 DEBUG load [KDTreeBase]    Nonempty leaf nodes         : 26
2020-05-31 01:02:25 DEBUG load [KDTreeBase]    Leaf node histogram         : 0(0) 1(1) 2(3) 3(4) 
2020-05-31 01:02:25 DEBUG load [KDTreeBase]                                  4(8) 5(5) 6(4) 7(1) 
2020-05-31 01:02:25 DEBUG load [KDTreeBase]                                  8(0) 9(0) 10(0) 11(0) 
2020-05-31 01:02:25 DEBUG load [KDTreeBase]                                  12(0) 13(0) 14(0) 15(0) 
2020-05-31 01:02:25 DEBUG load [KDTreeBase] 
2020-05-31 01:02:25 DEBUG load [KDTreeBase] Qualitative kd-tree statistics:
2020-05-31 01:02:25 DEBUG load [KDTreeBase]    Retracted splits            : 2
2020-05-31 01:02:25 DEBUG load [KDTreeBase]    Pruned primitives           : 0
2020-05-31 01:02:25 DEBUG load [KDTreeBase]    Largest leaf node           : 7 primitives
2020-05-31 01:02:25 DEBUG load [KDTreeBase]    Avg. prims/nonempty leaf    : 4.12
2020-05-31 01:02:25 DEBUG load [KDTreeBase]    Expected traversals/query   : 6.53
2020-05-31 01:02:25 DEBUG load [KDTreeBase]    Expected leaf visits/query  : 2.72
2020-05-31 01:02:25 DEBUG load [KDTreeBase]    Expected prim. visits/query : 12.05
2020-05-31 01:02:25 DEBUG load [KDTreeBase]    Final cost                  : 338.97
2020-05-31 01:02:25 DEBUG load [KDTreeBase] 
2020-05-31 01:02:25 DEBUG load [ShapeKDTree] Precomputing triangle intersection information (1.8 KiB)
2020-05-31 01:02:25 DEBUG load [ShapeKDTree] Finished -- took 0 ms.
2020-05-31 01:02:25 DEBUG load [ShapeKDTree] 
2020-05-31 01:02:25 DEBUG load [Thread] Thread "load" has finished
2020-05-31 01:02:25 DEBUG prvw [GLProgram] Uploading a GPU program : GPUProgram[name = 'vpl=AreaLightShader, bsdf=SmoothDiffuseShader[ConstantSpectrumTextureShader], ds']
2020-05-31 01:02:25 DEBUG prvw [GLProgram] Uploading a GPU program : GPUProgram[name = 'vpl=AreaLightShader, bsdf=SmoothDiffuseShader[ConstantSpectrumTextureShader], emitter=AreaLightShader, ds']
2020-05-31 01:02:25 DEBUG prvw [GLProgram] Uploading a GPU program : GPUProgram[name = 'vpl=SmoothDiffuseShader[ConstantSpectrumTextureShader], bsdf=SmoothDiffuseShader[ConstantSpectrumTextureShader], ds']
2020-05-31 01:02:25 DEBUG prvw [GLProgram] Uploading a GPU program : GPUProgram[name = 'vpl=SmoothDiffuseShader[ConstantSpectrumTextureShader], bsdf=SmoothDiffuseShader[ConstantSpectrumTextureShader], emitter=AreaLightShader, ds']
2020-05-31 01:03:50 DEBUG main [Thread] Spawning thread "rend"
2020-05-31 01:03:50 INFO  rend [SamplingIntegrator] Starting render job (512x512, 64 samples, 12 cores, SSE2 enabled) ..
2020-05-31 01:03:53 WARN  rend [RenderJob] Rendering of scene "cbox.xml" did not complete successfully!
2020-05-31 01:03:53 INFO  rend [RenderJob] Render time: 3.3430s
2020-05-31 01:03:53 DEBUG rend [HDRFilm] Developing film ..
2020-05-31 01:03:53 INFO  rend [HDRFilm] Writing image to "C:/Users/65213/Desktop/cbox\cbox.exr" ..
2020-05-31 01:03:53 DEBUG rend [Bitmap] Writing a 512x512 OpenEXR file
2020-05-31 01:03:53 DEBUG rend [Thread] Thread "rend" has finished
2020-05-31 01:04:51 DEBUG main [Thread] Spawning thread "rend"
2020-05-31 01:04:51 INFO  rend [SamplingIntegrator] Starting render job (512x512, 64 samples, 12 cores, SSE2 enabled) ..
2020-05-31 01:05:09 INFO  rend [RenderJob] Render time: 18.1000s
2020-05-31 01:05:09 DEBUG rend [HDRFilm] Developing film ..
2020-05-31 01:05:09 INFO  rend [HDRFilm] Writing image to "C:/Users/65213/Desktop/cbox\cbox.exr" ..
2020-05-31 01:05:09 DEBUG rend [Bitmap] Writing a 512x512 OpenEXR file
2020-05-31 01:05:09 DEBUG rend [Thread] Thread "rend" has finished
2020-05-31 01:06:24 DEBUG main [Thread] Spawning thread "rend"
2020-05-31 01:06:24 INFO  rend [SamplingIntegrator] Starting render job (512x512, 64 samples, 12 cores, SSE2 enabled) ..
2020-05-31 01:06:42 INFO  rend [RenderJob] Render time: 18.3040s
2020-05-31 01:06:42 DEBUG rend [HDRFilm] Developing film ..
2020-05-31 01:06:42 INFO  rend [HDRFilm] Writing image to "C:/Users/65213/Desktop/cbox\cbox.exr" ..
2020-05-31 01:06:42 DEBUG rend [Bitmap] Writing a 512x512 OpenEXR file
2020-05-31 01:06:42 DEBUG rend [Thread] Thread "rend" has finished
2020-05-31 01:06:50 DEBUG main [GLProgram] Freeing GPU program "vpl=AreaLightShader, bsdf=SmoothDiffuseShader[ConstantSpectrumTextureShader], ds"
2020-05-31 01:06:50 DEBUG main [GLProgram] Freeing GPU program "vpl=AreaLightShader, bsdf=SmoothDiffuseShader[ConstantSpectrumTextureShader], emitter=AreaLightShader, ds"
2020-05-31 01:06:50 DEBUG main [GLProgram] Freeing GPU program "vpl=SmoothDiffuseShader[ConstantSpectrumTextureShader], bsdf=SmoothDiffuseShader[ConstantSpectrumTextureShader], ds"
2020-05-31 01:06:50 DEBUG main [GLProgram] Freeing GPU program "vpl=SmoothDiffuseShader[ConstantSpectrumTextureShader], bsdf=SmoothDiffuseShader[ConstantSpectrumTextureShader], emitter=AreaLightShader, ds"
2020-05-31 01:06:50 DEBUG prvw [GLProgram] Freeing GPU program "Directional shadow map generator"
2020-05-31 01:06:50 DEBUG prvw [GLProgram] Freeing GPU program "Paraboloid shadow map generator"
2020-05-31 01:06:50 DEBUG prvw [GLProgram] Freeing GPU program "Cube/Hemicube shadow map generator (5/6 pass version)"
2020-05-31 01:06:50 DEBUG prvw [GLProgram] Freeing GPU program "Cube shadow map generator (1 pass version)"
2020-05-31 01:06:50 DEBUG prvw [GLProgram] Freeing GPU program "Hemicube shadow map generator (1 pass version)"
2020-05-31 01:06:50 DEBUG prvw [GLProgram] Freeing GPU program "Accumulation program"
2020-05-31 01:06:50 DEBUG prvw [WGLRenderer] Shutting down WGL Renderer
2020-05-31 01:06:50 DEBUG prvw [WGLDevice] Shutting down WGL device
2020-05-31 01:06:50 DEBUG prvw [Thread] Thread "prvw" has finished
2020-05-31 01:06:50 DEBUG wrk3 [Thread] Thread "wrk3" has finished
2020-05-31 01:06:50 DEBUG wrk2 [Thread] Thread "wrk2" has finished
2020-05-31 01:06:50 DEBUG wrk9 [Thread] Thread "wrk9" has finished
2020-05-31 01:06:50 DEBUG wrk5 [Thread] Thread "wrk5" has finished
2020-05-31 01:06:50 DEBUG wrk0 [Thread] Thread "wrk0" has finished
2020-05-31 01:06:50 DEBUG wrk7 [Thread] Thread "wrk7" has finished
2020-05-31 01:06:50 DEBUG wrk10[Thread] Thread "wrk10" has finished
2020-05-31 01:06:50 DEBUG wrk6 [Thread] Thread "wrk6" has finished
2020-05-31 01:06:50 DEBUG wrk8 [Thread] Thread "wrk8" has finished
2020-05-31 01:06:50 DEBUG wrk4 [Thread] Thread "wrk4" has finished
2020-05-31 01:06:50 DEBUG wrk11[Thread] Thread "wrk11" has finished
2020-05-31 01:06:50 DEBUG wrk1 [Thread] Thread "wrk1" has finished
2020-05-31 01:06:50 DEBUG main [GLProgram] Freeing GPU program "Log-luminance program"
2020-05-31 01:06:50 DEBUG main [GLProgram] Freeing GPU program "Downsampling program"
2020-05-31 01:06:50 DEBUG main [GLProgram] Freeing GPU program "Tonemapper [Reinhard et al. 2002]"
2020-05-31 01:06:50 DEBUG main [GLProgram] Freeing GPU program "Tonemapper [Gamma]"
2020-05-31 01:06:50 DEBUG main [WGLSession] Shutting down WGL session
2020-05-31 01:06:50 INFO  main [statistics.cpp:142] Statistics:
------------------------------------------------------------
 * Loaded plugins :
    -  plugins\area.dll [Area light]
    -  plugins\box.dll [Box filter]
    -  plugins\coating.dll [Smooth dielectric coating]
    -  plugins\collimated.dll [Collimated beam emitter]
    -  plugins\conductor.dll [Smooth conductor]
    -  plugins\dielectric.dll [Smooth dielectric BSDF]
    -  plugins\difftrans.dll [Diffuse transmitter]
    -  plugins\diffuse.dll [Smooth diffuse BRDF]
    -  plugins\direct.dll [Direct illumination integrator]
    -  plugins\disk.dll [Disk intersection primitive]
    -  plugins\envmap.dll [Environment map]
    -  plugins\gaussian.dll [Gaussian reconstruction filter]
    -  plugins\halton.dll [Halton QMC sampler]
    -  plugins\hdrfilm.dll [High dynamic range film]
    -  plugins\hg.dll [Henyey-Greenstein phase function]
    -  plugins\hk.dll [Hanrahan-Krueger BSDF]
    -  plugins\homogeneous.dll [Homogeneous medium]
    -  plugins\independent.dll [Independent sampler]
    -  plugins\irradiancemeter.dll [Irradiance meter]
    -  plugins\isotropic.dll [Isotropic phase function]
    -  plugins\lanczos.dll [Lanczos Sinc filter]
    -  plugins\ldsampler.dll [Low discrepancy sampler]
    -  plugins\mask.dll [Mask BSDF]
    -  plugins\mfilm.dll [MATLAB / Mathematica / NumPy film]
    -  plugins\mixturebsdf.dll [Mixture BSDF]
    -  plugins\null.dll [Null BSDF]
    -  plugins\obj.dll [OBJ triangle mesh loader]
    -  plugins\path.dll [MI path tracer]
    -  plugins\perspective.dll [Perspective camera]
    -  plugins\phong.dll [Modified Phong BRDF]
    -  plugins\plastic.dll [Smooth plastic BRDF]
    -  plugins\ptracer.dll [Adjoint particle tracer]
    -  plugins\radiancemeter.dll [Radiance meter]
    -  plugins\roughcoating.dll [Rough coating BSDF]
    -  plugins\roughconductor.dll [Rough conductor BRDF]
    -  plugins\roughdielectric.dll [Rough dielectric BSDF]
    -  plugins\roughdiffuse.dll [Rough diffuse BRDF]
    -  plugins\roughplastic.dll [Rough plastic BRDF]
    -  plugins\sky.dll [Skylight emitter]
    -  plugins\sphere.dll [Sphere intersection primitive]
    -  plugins\sunsky.dll [Sun & sky emitter]
    -  plugins\twosided.dll [Two-sided BRDF adapter]
    -  plugins\ward.dll [Anisotropic Ward BRDF]

  * General :
    -  Normal rays traced : 66.749 M
    -  Shadow rays traced : 35.665 M

  * Path tracer :
    -  Average path length : 3.43 (57.59 M / 16.78 M)

  * VPL renderer :
    -  Max. # of drawn triangles : 38
    -  Pruned VPLs : 11.11 % (1.00 of 9.00)
------------------------------------------------------------
